<?xml version="1.0" encoding="UTF-8"?>
<!-- Generated by org.testng.reporters.JUnitReportReporter -->
<testsuite skipped="0" hostname="CBT-MH-006" name="TestPackage.ValidateSignUpPage" tests="1" failures="0" timestamp="31 Oct 2019 10:50:10 GMT" time="28.718" errors="0">
  <testcase name="CheckHomePage" time="28.718" classname="TestPackage.ValidateSignUpPage"/>
</testsuite> <!-- TestPackage.ValidateSignUpPage -->
