<?xml version="1.0" encoding="UTF-8"?>
<!-- Generated by org.testng.reporters.JUnitReportReporter -->
<testsuite skipped="0" hostname="CBT-MH-006" name="TestPackage.ValidateCarBookingAsGuest" tests="1" failures="0" timestamp="31 Oct 2019 10:50:10 GMT" time="30.878" errors="0">
  <testcase name="BookAsGuest" time="30.878" classname="TestPackage.ValidateCarBookingAsGuest"/>
</testsuite> <!-- TestPackage.ValidateCarBookingAsGuest -->
