<?xml version="1.0" encoding="UTF-8"?>
<!-- Generated by org.testng.reporters.JUnitReportReporter -->
<testsuite hostname="CBT-MH-006" name="TestPackage.ValidateSignUpPage" tests="1" failures="0" timestamp="11 Oct 2019 08:57:43 GMT" time="40.478" errors="0">
  <testcase name="CheckHomePage" time="40.478" classname="TestPackage.ValidateSignUpPage"/>
</testsuite> <!-- TestPackage.ValidateSignUpPage -->
